#
# There is insufficient memory for the Java Runtime Environment to continue.
# Native memory allocation (malloc) failed to allocate 2529776 bytes for Chunk::new
# Possible reasons:
#   The system is out of physical RAM or swap space
#   The process is running with CompressedOops enabled, and the Java Heap may be blocking the growth of the native heap
# Possible solutions:
#   Reduce memory load on the system
#   Increase physical memory or swap space
#   Check if swap backing store is full
#   Decrease Java heap size (-Xmx/-Xms)
#   Decrease number of Java threads
#   Decrease Java thread stack sizes (-Xss)
#   Set larger code cache with -XX:ReservedCodeCacheSize=
#   JVM is running with Unscaled Compressed Oops mode in which the Java heap is
#     placed in the first 4GB address space. The Java Heap base address is the
#     maximum limit for the native heap growth. Please use -XX:HeapBaseMinAddress
#     to set the Java Heap base and to place the Java Heap above 4GB virtual address.
# This output file may be truncated or incomplete.
#
#  Out of Memory Error (t:/workspace/open/src/hotspot/share/memory/arena.cpp:197), pid=12056, tid=9616
#
# JRE version: Java(TM) SE Runtime Environment (12.0.2+10) (build 12.0.2+10)
# Java VM: Java HotSpot(TM) 64-Bit Server VM (12.0.2+10, mixed mode, sharing, tiered, compressed oops, g1 gc, windows-amd64)
# No core dump will be written. Minidumps are not enabled by default on client versions of Windows
#

---------------  S U M M A R Y ------------

Command Line: -Dr.arch=/x64 -Xmx512m -Xrs -Xss2m 

Host: AMD Ryzen 7 2700X Eight-Core Processor         , 16 cores, 15G,  Windows 10 , 64 bit Build 19041 (10.0.19041.1202)
Time: Sun Oct 10 13:50:06 2021 GMT Summer Time elapsed time: 67 seconds (0d 0h 1m 7s)

---------------  T H R E A D  ---------------

Current thread (0x000000005579c800):  JavaThread "C2 CompilerThread0" daemon [_thread_in_native, id=9616, stack(0x00000000751b0000,0x00000000791b0000)]


Current CompileTask:
C2:  67909 1119       4       opennlp.tools.postag.DefaultPOSContextGenerator::getContext (734 bytes)

Stack: [0x00000000751b0000,0x00000000791b0000]
Native frames: (J=compiled Java code, j=interpreted, Vv=VM code, C=native code)
V  [jvm.dll+0x63aa2a]
V  [jvm.dll+0x78ce1e]
V  [jvm.dll+0x78e4c1]
V  [jvm.dll+0x78eb13]
V  [jvm.dll+0x2627e8]
V  [jvm.dll+0xc55cc]
V  [jvm.dll+0xc5b4c]
V  [jvm.dll+0x37a677]
V  [jvm.dll+0x3463d3]
V  [jvm.dll+0x34579a]
V  [jvm.dll+0x21c205]
V  [jvm.dll+0x21b3da]
V  [jvm.dll+0x199a20]
V  [jvm.dll+0x22a744]
V  [jvm.dll+0x228d98]
V  [jvm.dll+0x7512a0]
V  [jvm.dll+0x74a2c8]
V  [jvm.dll+0x639b16]
C  [ucrtbase.dll+0x21bb2]
C  [KERNEL32.DLL+0x17034]
C  [ntdll.dll+0x52651]


---------------  P R O C E S S  ---------------

Threads class SMR info:
_java_thread_list=0x000000006858b860, length=9, elements={
0x000000002d7f0800, 0x000000005576f800, 0x000000005577e000, 0x0000000055797000,
0x000000005579c800, 0x00000000557a0800, 0x00000000557b7800, 0x0000000055901800,
0x0000000055918800
}

Java Threads: ( => current thread )
  0x000000002d7f0800 JavaThread "main" [_thread_in_Java, id=5164, stack(0x0000000000420000,0x0000000004420000)]
  0x000000005576f800 JavaThread "Reference Handler" daemon [_thread_blocked, id=8528, stack(0x000000005e1b0000,0x000000005e3b0000)]
  0x000000005577e000 JavaThread "Finalizer" daemon [_thread_blocked, id=6056, stack(0x000000005e3b0000,0x000000005e5b0000)]
  0x0000000055797000 JavaThread "Attach Listener" daemon [_thread_blocked, id=9356, stack(0x000000005e6b0000,0x000000005e8b0000)]
=>0x000000005579c800 JavaThread "C2 CompilerThread0" daemon [_thread_in_native, id=9616, stack(0x00000000751b0000,0x00000000791b0000)]
  0x00000000557a0800 JavaThread "C1 CompilerThread0" daemon [_thread_blocked, id=15336, stack(0x00000000791b0000,0x000000007d1b0000)]
  0x00000000557b7800 JavaThread "Sweeper thread" daemon [_thread_blocked, id=4636, stack(0x000000005e8b0000,0x000000005eab0000)]
  0x0000000055901800 JavaThread "Service Thread" daemon [_thread_blocked, id=3048, stack(0x000000005eab0000,0x000000005ecb0000)]
  0x0000000055918800 JavaThread "Common-Cleaner" daemon [_thread_blocked, id=6780, stack(0x000000005ecd0000,0x000000005eed0000)]

Other Threads:
  0x0000000055766000 VMThread "VM Thread" [stack: 0x00000000711b0000,0x00000000751b0000] [id=8452]
  0x000000005592c000 WatcherThread [stack: 0x0000000083ff0000,0x0000000087ff0000] [id=9220]
  0x000000002d812800 GCTaskThread "GC Thread#0" [stack: 0x00000000467e0000,0x000000004a7e0000] [id=11748]
  0x0000000066082000 GCTaskThread "GC Thread#1" [stack: 0x0000000087ff0000,0x000000008bff0000] [id=9312]
  0x00000000660a2800 GCTaskThread "GC Thread#2" [stack: 0x000000008bff0000,0x000000008fff0000] [id=7280]
  0x00000000660a3800 GCTaskThread "GC Thread#3" [stack: 0x000000008fff0000,0x0000000093ff0000] [id=6208]
  0x00000000664eb000 GCTaskThread "GC Thread#4" [stack: 0x0000000093ff0000,0x0000000097ff0000] [id=2472]
  0x0000000065f32800 GCTaskThread "GC Thread#5" [stack: 0x0000000097ff0000,0x000000009bff0000] [id=9836]
  0x000000002d81b000 ConcurrentGCThread "G1 Main Marker" [stack: 0x000000004a7e0000,0x000000004e7e0000] [id=7984]
  0x000000002d820000 ConcurrentGCThread "G1 Conc#0" [stack: 0x000000004e7e0000,0x00000000527e0000] [id=16568]
  0x000000002d91e000 ConcurrentGCThread "G1 Refine#0" [stack: 0x00000000559b0000,0x00000000599b0000] [id=10480]
  0x00000000555e8800 ConcurrentGCThread "G1 Young RemSet Sampling" [stack: 0x00000000599b0000,0x000000005d9b0000] [id=2108]

Threads with active compile tasks:
C2 CompilerThread0  1119       4       opennlp.tools.postag.DefaultPOSContextGenerator::getContext (734 bytes)

VM state:not at safepoint (normal execution)

VM Mutex/Monitor currently owned by a thread: None

Heap address: 0x00000000e0000000, size: 512 MB, Compressed Oops mode: 32-bit
Narrow klass base: 0x0000000800000000, Narrow klass shift: 3
Compressed class space size: 1073741824 Address: 0x0000000801190000

Heap:
 garbage-first heap   total 262144K, used 109024K [0x00000000e0000000, 0x0000000100000000)
  region size 1024K, 104 young (106496K), 20 survivors (20480K)
 Metaspace       used 2711K, capacity 5101K, committed 5376K, reserved 1056768K
  class space    used 235K, capacity 487K, committed 512K, reserved 1048576K
Heap Regions: E=young(eden), S=young(survivor), O=old, HS=humongous(starts), HC=humongous(continues), CS=collection set, F=free, A=archive, TAMS=top-at-mark-start (previous, next)
|   0|0x00000000e0000000, 0x00000000e0100000, 0x00000000e0100000|100%|HS|  |TAMS 0x00000000e0000000, 0x00000000e0000000| Complete 
|   1|0x00000000e0100000, 0x00000000e0200000, 0x00000000e0200000|100%|HS|  |TAMS 0x00000000e0100000, 0x00000000e0100000| Complete 
|   2|0x00000000e0200000, 0x00000000e0300000, 0x00000000e0300000|100%| O|  |TAMS 0x00000000e0200000, 0x00000000e0200000| Untracked 
|   3|0x00000000e0300000, 0x00000000e0300000, 0x00000000e0400000|  0%| F|  |TAMS 0x00000000e0300000, 0x00000000e0300000| Untracked 
|   4|0x00000000e0400000, 0x00000000e0478000, 0x00000000e0500000| 46%| O|  |TAMS 0x00000000e0400000, 0x00000000e0400000| Untracked 
|   5|0x00000000e0500000, 0x00000000e0500000, 0x00000000e0600000|  0%| F|  |TAMS 0x00000000e0500000, 0x00000000e0500000| Untracked 
|   6|0x00000000e0600000, 0x00000000e0600000, 0x00000000e0700000|  0%| F|  |TAMS 0x00000000e0600000, 0x00000000e0600000| Untracked 
|   7|0x00000000e0700000, 0x00000000e0700000, 0x00000000e0800000|  0%| F|  |TAMS 0x00000000e0700000, 0x00000000e0700000| Untracked 
|   8|0x00000000e0800000, 0x00000000e0800000, 0x00000000e0900000|  0%| F|  |TAMS 0x00000000e0800000, 0x00000000e0800000| Untracked 
|   9|0x00000000e0900000, 0x00000000e0900000, 0x00000000e0a00000|  0%| F|  |TAMS 0x00000000e0900000, 0x00000000e0900000| Untracked 
|  10|0x00000000e0a00000, 0x00000000e0a00000, 0x00000000e0b00000|  0%| F|  |TAMS 0x00000000e0a00000, 0x00000000e0a00000| Untracked 
|  11|0x00000000e0b00000, 0x00000000e0b00000, 0x00000000e0c00000|  0%| F|  |TAMS 0x00000000e0b00000, 0x00000000e0b00000| Untracked 
|  12|0x00000000e0c00000, 0x00000000e0c00000, 0x00000000e0d00000|  0%| F|  |TAMS 0x00000000e0c00000, 0x00000000e0c00000| Untracked 
|  13|0x00000000e0d00000, 0x00000000e0d00000, 0x00000000e0e00000|  0%| F|  |TAMS 0x00000000e0d00000, 0x00000000e0d00000| Untracked 
|  14|0x00000000e0e00000, 0x00000000e0e00000, 0x00000000e0f00000|  0%| F|  |TAMS 0x00000000e0e00000, 0x00000000e0e00000| Untracked 
|  15|0x00000000e0f00000, 0x00000000e0f00000, 0x00000000e1000000|  0%| F|  |TAMS 0x00000000e0f00000, 0x00000000e0f00000| Untracked 
|  16|0x00000000e1000000, 0x00000000e1000000, 0x00000000e1100000|  0%| F|  |TAMS 0x00000000e1000000, 0x00000000e1000000| Untracked 
|  17|0x00000000e1100000, 0x00000000e1100000, 0x00000000e1200000|  0%| F|  |TAMS 0x00000000e1100000, 0x00000000e1100000| Untracked 
|  18|0x00000000e1200000, 0x00000000e1200000, 0x00000000e1300000|  0%| F|  |TAMS 0x00000000e1200000, 0x00000000e1200000| Untracked 
|  19|0x00000000e1300000, 0x00000000e1300000, 0x00000000e1400000|  0%| F|  |TAMS 0x00000000e1300000, 0x00000000e1300000| Untracked 
|  20|0x00000000e1400000, 0x00000000e1400000, 0x00000000e1500000|  0%| F|  |TAMS 0x00000000e1400000, 0x00000000e1400000| Untracked 
|  21|0x00000000e1500000, 0x00000000e1500000, 0x00000000e1600000|  0%| F|  |TAMS 0x00000000e1500000, 0x00000000e1500000| Untracked 
|  22|0x00000000e1600000, 0x00000000e1600000, 0x00000000e1700000|  0%| F|  |TAMS 0x00000000e1600000, 0x00000000e1600000| Untracked 
|  23|0x00000000e1700000, 0x00000000e1700000, 0x00000000e1800000|  0%| F|  |TAMS 0x00000000e1700000, 0x00000000e1700000| Untracked 
|  24|0x00000000e1800000, 0x00000000e1800000, 0x00000000e1900000|  0%| F|  |TAMS 0x00000000e1800000, 0x00000000e1800000| Untracked 
|  25|0x00000000e1900000, 0x00000000e1900000, 0x00000000e1a00000|  0%| F|  |TAMS 0x00000000e1900000, 0x00000000e1900000| Untracked 
|  26|0x00000000e1a00000, 0x00000000e1a00000, 0x00000000e1b00000|  0%| F|  |TAMS 0x00000000e1a00000, 0x00000000e1a00000| Untracked 
|  27|0x00000000e1b00000, 0x00000000e1b00000, 0x00000000e1c00000|  0%| F|  |TAMS 0x00000000e1b00000, 0x00000000e1b00000| Untracked 
|  28|0x00000000e1c00000, 0x00000000e1c00000, 0x00000000e1d00000|  0%| F|  |TAMS 0x00000000e1c00000, 0x00000000e1c00000| Untracked 
|  29|0x00000000e1d00000, 0x00000000e1d00000, 0x00000000e1e00000|  0%| F|  |TAMS 0x00000000e1d00000, 0x00000000e1d00000| Untracked 
|  30|0x00000000e1e00000, 0x00000000e1e00000, 0x00000000e1f00000|  0%| F|  |TAMS 0x00000000e1e00000, 0x00000000e1e00000| Untracked 
|  31|0x00000000e1f00000, 0x00000000e1f00000, 0x00000000e2000000|  0%| F|  |TAMS 0x00000000e1f00000, 0x00000000e1f00000| Untracked 
|  32|0x00000000e2000000, 0x00000000e2000000, 0x00000000e2100000|  0%| F|  |TAMS 0x00000000e2000000, 0x00000000e2000000| Untracked 
|  33|0x00000000e2100000, 0x00000000e2100000, 0x00000000e2200000|  0%| F|  |TAMS 0x00000000e2100000, 0x00000000e2100000| Untracked 
|  34|0x00000000e2200000, 0x00000000e2200000, 0x00000000e2300000|  0%| F|  |TAMS 0x00000000e2200000, 0x00000000e2200000| Untracked 
|  35|0x00000000e2300000, 0x00000000e2300000, 0x00000000e2400000|  0%| F|  |TAMS 0x00000000e2300000, 0x00000000e2300000| Untracked 
|  36|0x00000000e2400000, 0x00000000e2400000, 0x00000000e2500000|  0%| F|  |TAMS 0x00000000e2400000, 0x00000000e2400000| Untracked 
|  37|0x00000000e2500000, 0x00000000e2500000, 0x00000000e2600000|  0%| F|  |TAMS 0x00000000e2500000, 0x00000000e2500000| Untracked 
|  38|0x00000000e2600000, 0x00000000e2600000, 0x00000000e2700000|  0%| F|  |TAMS 0x00000000e2600000, 0x00000000e2600000| Untracked 
|  39|0x00000000e2700000, 0x00000000e2700000, 0x00000000e2800000|  0%| F|  |TAMS 0x00000000e2700000, 0x00000000e2700000| Untracked 
|  40|0x00000000e2800000, 0x00000000e2800000, 0x00000000e2900000|  0%| F|  |TAMS 0x00000000e2800000, 0x00000000e2800000| Untracked 
|  41|0x00000000e2900000, 0x00000000e2900000, 0x00000000e2a00000|  0%| F|  |TAMS 0x00000000e2900000, 0x00000000e2900000| Untracked 
|  42|0x00000000e2a00000, 0x00000000e2a00000, 0x00000000e2b00000|  0%| F|  |TAMS 0x00000000e2a00000, 0x00000000e2a00000| Untracked 
|  43|0x00000000e2b00000, 0x00000000e2b00000, 0x00000000e2c00000|  0%| F|  |TAMS 0x00000000e2b00000, 0x00000000e2b00000| Untracked 
|  44|0x00000000e2c00000, 0x00000000e2c00000, 0x00000000e2d00000|  0%| F|  |TAMS 0x00000000e2c00000, 0x00000000e2c00000| Untracked 
|  45|0x00000000e2d00000, 0x00000000e2d00000, 0x00000000e2e00000|  0%| F|  |TAMS 0x00000000e2d00000, 0x00000000e2d00000| Untracked 
|  46|0x00000000e2e00000, 0x00000000e2e00000, 0x00000000e2f00000|  0%| F|  |TAMS 0x00000000e2e00000, 0x00000000e2e00000| Untracked 
|  47|0x00000000e2f00000, 0x00000000e2f00000, 0x00000000e3000000|  0%| F|  |TAMS 0x00000000e2f00000, 0x00000000e2f00000| Untracked 
|  48|0x00000000e3000000, 0x00000000e3000000, 0x00000000e3100000|  0%| F|  |TAMS 0x00000000e3000000, 0x00000000e3000000| Untracked 
|  49|0x00000000e3100000, 0x00000000e3100000, 0x00000000e3200000|  0%| F|  |TAMS 0x00000000e3100000, 0x00000000e3100000| Untracked 
|  50|0x00000000e3200000, 0x00000000e3200000, 0x00000000e3300000|  0%| F|  |TAMS 0x00000000e3200000, 0x00000000e3200000| Untracked 
|  51|0x00000000e3300000, 0x00000000e3300000, 0x00000000e3400000|  0%| F|  |TAMS 0x00000000e3300000, 0x00000000e3300000| Untracked 
|  52|0x00000000e3400000, 0x00000000e3400000, 0x00000000e3500000|  0%| F|  |TAMS 0x00000000e3400000, 0x00000000e3400000| Untracked 
|  53|0x00000000e3500000, 0x00000000e3500000, 0x00000000e3600000|  0%| F|  |TAMS 0x00000000e3500000, 0x00000000e3500000| Untracked 
|  54|0x00000000e3600000, 0x00000000e3600000, 0x00000000e3700000|  0%| F|  |TAMS 0x00000000e3600000, 0x00000000e3600000| Untracked 
|  55|0x00000000e3700000, 0x00000000e3700000, 0x00000000e3800000|  0%| F|  |TAMS 0x00000000e3700000, 0x00000000e3700000| Untracked 
|  56|0x00000000e3800000, 0x00000000e3800000, 0x00000000e3900000|  0%| F|  |TAMS 0x00000000e3800000, 0x00000000e3800000| Untracked 
|  57|0x00000000e3900000, 0x00000000e3900000, 0x00000000e3a00000|  0%| F|  |TAMS 0x00000000e3900000, 0x00000000e3900000| Untracked 
|  58|0x00000000e3a00000, 0x00000000e3a00000, 0x00000000e3b00000|  0%| F|  |TAMS 0x00000000e3a00000, 0x00000000e3a00000| Untracked 
|  59|0x00000000e3b00000, 0x00000000e3b00000, 0x00000000e3c00000|  0%| F|  |TAMS 0x00000000e3b00000, 0x00000000e3b00000| Untracked 
|  60|0x00000000e3c00000, 0x00000000e3c00000, 0x00000000e3d00000|  0%| F|  |TAMS 0x00000000e3c00000, 0x00000000e3c00000| Untracked 
|  61|0x00000000e3d00000, 0x00000000e3d00000, 0x00000000e3e00000|  0%| F|  |TAMS 0x00000000e3d00000, 0x00000000e3d00000| Untracked 
|  62|0x00000000e3e00000, 0x00000000e3e00000, 0x00000000e3f00000|  0%| F|  |TAMS 0x00000000e3e00000, 0x00000000e3e00000| Untracked 
|  63|0x00000000e3f00000, 0x00000000e3f00000, 0x00000000e4000000|  0%| F|  |TAMS 0x00000000e3f00000, 0x00000000e3f00000| Untracked 
|  64|0x00000000e4000000, 0x00000000e4000000, 0x00000000e4100000|  0%| F|  |TAMS 0x00000000e4000000, 0x00000000e4000000| Untracked 
|  65|0x00000000e4100000, 0x00000000e4100000, 0x00000000e4200000|  0%| F|  |TAMS 0x00000000e4100000, 0x00000000e4100000| Untracked 
|  66|0x00000000e4200000, 0x00000000e4200000, 0x00000000e4300000|  0%| F|  |TAMS 0x00000000e4200000, 0x00000000e4200000| Untracked 
|  67|0x00000000e4300000, 0x00000000e4300000, 0x00000000e4400000|  0%| F|  |TAMS 0x00000000e4300000, 0x00000000e4300000| Untracked 
|  68|0x00000000e4400000, 0x00000000e4400000, 0x00000000e4500000|  0%| F|  |TAMS 0x00000000e4400000, 0x00000000e4400000| Untracked 
|  69|0x00000000e4500000, 0x00000000e4500000, 0x00000000e4600000|  0%| F|  |TAMS 0x00000000e4500000, 0x00000000e4500000| Untracked 
|  70|0x00000000e4600000, 0x00000000e4600000, 0x00000000e4700000|  0%| F|  |TAMS 0x00000000e4600000, 0x00000000e4600000| Untracked 
|  71|0x00000000e4700000, 0x00000000e4700000, 0x00000000e4800000|  0%| F|  |TAMS 0x00000000e4700000, 0x00000000e4700000| Untracked 
|  72|0x00000000e4800000, 0x00000000e4800000, 0x00000000e4900000|  0%| F|  |TAMS 0x00000000e4800000, 0x00000000e4800000| Untracked 
|  73|0x00000000e4900000, 0x00000000e4900000, 0x00000000e4a00000|  0%| F|  |TAMS 0x00000000e4900000, 0x00000000e4900000| Untracked 
|  74|0x00000000e4a00000, 0x00000000e4a00000, 0x00000000e4b00000|  0%| F|  |TAMS 0x00000000e4a00000, 0x00000000e4a00000| Untracked 
|  75|0x00000000e4b00000, 0x00000000e4b00000, 0x00000000e4c00000|  0%| F|  |TAMS 0x00000000e4b00000, 0x00000000e4b00000| Untracked 
|  76|0x00000000e4c00000, 0x00000000e4c00000, 0x00000000e4d00000|  0%| F|  |TAMS 0x00000000e4c00000, 0x00000000e4c00000| Untracked 
|  77|0x00000000e4d00000, 0x00000000e4d00000, 0x00000000e4e00000|  0%| F|  |TAMS 0x00000000e4d00000, 0x00000000e4d00000| Untracked 
|  78|0x00000000e4e00000, 0x00000000e4e00000, 0x00000000e4f00000|  0%| F|  |TAMS 0x00000000e4e00000, 0x00000000e4e00000| Untracked 
|  79|0x00000000e4f00000, 0x00000000e4f00000, 0x00000000e5000000|  0%| F|  |TAMS 0x00000000e4f00000, 0x00000000e4f00000| Untracked 
|  80|0x00000000e5000000, 0x00000000e5000000, 0x00000000e5100000|  0%| F|  |TAMS 0x00000000e5000000, 0x00000000e5000000| Untracked 
|  81|0x00000000e5100000, 0x00000000e5100000, 0x00000000e5200000|  0%| F|  |TAMS 0x00000000e5100000, 0x00000000e5100000| Untracked 
|  82|0x00000000e5200000, 0x00000000e5200000, 0x00000000e5300000|  0%| F|  |TAMS 0x00000000e5200000, 0x00000000e5200000| Untracked 
|  83|0x00000000e5300000, 0x00000000e5400000, 0x00000000e5400000|100%| S|CS|TAMS 0x00000000e5300000, 0x00000000e5300000| Complete 
|  84|0x00000000e5400000, 0x00000000e5500000, 0x00000000e5500000|100%| S|CS|TAMS 0x00000000e5400000, 0x00000000e5400000| Complete 
|  85|0x00000000e5500000, 0x00000000e5600000, 0x00000000e5600000|100%| S|CS|TAMS 0x00000000e5500000, 0x00000000e5500000| Complete 
|  86|0x00000000e5600000, 0x00000000e5700000, 0x00000000e5700000|100%| S|CS|TAMS 0x00000000e5600000, 0x00000000e5600000| Complete 
|  87|0x00000000e5700000, 0x00000000e5800000, 0x00000000e5800000|100%| S|CS|TAMS 0x00000000e5700000, 0x00000000e5700000| Complete 
|  88|0x00000000e5800000, 0x00000000e5900000, 0x00000000e5900000|100%| S|CS|TAMS 0x00000000e5800000, 0x00000000e5800000| Complete 
|  89|0x00000000e5900000, 0x00000000e5a00000, 0x00000000e5a00000|100%| S|CS|TAMS 0x00000000e5900000, 0x00000000e5900000| Complete 
|  90|0x00000000e5a00000, 0x00000000e5b00000, 0x00000000e5b00000|100%| S|CS|TAMS 0x00000000e5a00000, 0x00000000e5a00000| Complete 
|  91|0x00000000e5b00000, 0x00000000e5c00000, 0x00000000e5c00000|100%| S|CS|TAMS 0x00000000e5b00000, 0x00000000e5b00000| Complete 
|  92|0x00000000e5c00000, 0x00000000e5d00000, 0x00000000e5d00000|100%| S|CS|TAMS 0x00000000e5c00000, 0x00000000e5c00000| Complete 
|  93|0x00000000e5d00000, 0x00000000e5e00000, 0x00000000e5e00000|100%| S|CS|TAMS 0x00000000e5d00000, 0x00000000e5d00000| Complete 
|  94|0x00000000e5e00000, 0x00000000e5f00000, 0x00000000e5f00000|100%| S|CS|TAMS 0x00000000e5e00000, 0x00000000e5e00000| Complete 
|  95|0x00000000e5f00000, 0x00000000e6000000, 0x00000000e6000000|100%| S|CS|TAMS 0x00000000e5f00000, 0x00000000e5f00000| Complete 
|  96|0x00000000e6000000, 0x00000000e6100000, 0x00000000e6100000|100%| S|CS|TAMS 0x00000000e6000000, 0x00000000e6000000| Complete 
|  97|0x00000000e6100000, 0x00000000e6200000, 0x00000000e6200000|100%| S|CS|TAMS 0x00000000e6100000, 0x00000000e6100000| Complete 
|  98|0x00000000e6200000, 0x00000000e6300000, 0x00000000e6300000|100%| S|CS|TAMS 0x00000000e6200000, 0x00000000e6200000| Complete 
|  99|0x00000000e6300000, 0x00000000e6400000, 0x00000000e6400000|100%| S|CS|TAMS 0x00000000e6300000, 0x00000000e6300000| Complete 
| 100|0x00000000e6400000, 0x00000000e6500000, 0x00000000e6500000|100%| S|CS|TAMS 0x00000000e6400000, 0x00000000e6400000| Complete 
| 101|0x00000000e6500000, 0x00000000e6600000, 0x00000000e6600000|100%| S|CS|TAMS 0x00000000e6500000, 0x00000000e6500000| Complete 
| 102|0x00000000e6600000, 0x00000000e6700000, 0x00000000e6700000|100%| S|CS|TAMS 0x00000000e6600000, 0x00000000e6600000| Complete 
| 103|0x00000000e6700000, 0x00000000e6700000, 0x00000000e6800000|  0%| F|  |TAMS 0x00000000e6700000, 0x00000000e6700000| Untracked 
| 104|0x00000000e6800000, 0x00000000e6800000, 0x00000000e6900000|  0%| F|  |TAMS 0x00000000e6800000, 0x00000000e6800000| Untracked 
| 105|0x00000000e6900000, 0x00000000e6900000, 0x00000000e6a00000|  0%| F|  |TAMS 0x00000000e6900000, 0x00000000e6900000| Untracked 
| 106|0x00000000e6a00000, 0x00000000e6a00000, 0x00000000e6b00000|  0%| F|  |TAMS 0x00000000e6a00000, 0x00000000e6a00000| Untracked 
| 107|0x00000000e6b00000, 0x00000000e6b00000, 0x00000000e6c00000|  0%| F|  |TAMS 0x00000000e6b00000, 0x00000000e6b00000| Untracked 
| 108|0x00000000e6c00000, 0x00000000e6c00000, 0x00000000e6d00000|  0%| F|  |TAMS 0x00000000e6c00000, 0x00000000e6c00000| Untracked 
| 109|0x00000000e6d00000, 0x00000000e6d00000, 0x00000000e6e00000|  0%| F|  |TAMS 0x00000000e6d00000, 0x00000000e6d00000| Untracked 
| 110|0x00000000e6e00000, 0x00000000e6e00000, 0x00000000e6f00000|  0%| F|  |TAMS 0x00000000e6e00000, 0x00000000e6e00000| Untracked 
| 111|0x00000000e6f00000, 0x00000000e6f00000, 0x00000000e7000000|  0%| F|  |TAMS 0x00000000e6f00000, 0x00000000e6f00000| Untracked 
| 112|0x00000000e7000000, 0x00000000e7000000, 0x00000000e7100000|  0%| F|  |TAMS 0x00000000e7000000, 0x00000000e7000000| Untracked 
| 113|0x00000000e7100000, 0x00000000e7100000, 0x00000000e7200000|  0%| F|  |TAMS 0x00000000e7100000, 0x00000000e7100000| Untracked 
| 114|0x00000000e7200000, 0x00000000e7200000, 0x00000000e7300000|  0%| F|  |TAMS 0x00000000e7200000, 0x00000000e7200000| Untracked 
| 115|0x00000000e7300000, 0x00000000e7300000, 0x00000000e7400000|  0%| F|  |TAMS 0x00000000e7300000, 0x00000000e7300000| Untracked 
| 116|0x00000000e7400000, 0x00000000e7400000, 0x00000000e7500000|  0%| F|  |TAMS 0x00000000e7400000, 0x00000000e7400000| Untracked 
| 117|0x00000000e7500000, 0x00000000e7500000, 0x00000000e7600000|  0%| F|  |TAMS 0x00000000e7500000, 0x00000000e7500000| Untracked 
| 118|0x00000000e7600000, 0x00000000e7600000, 0x00000000e7700000|  0%| F|  |TAMS 0x00000000e7600000, 0x00000000e7600000| Untracked 
| 119|0x00000000e7700000, 0x00000000e7700000, 0x00000000e7800000|  0%| F|  |TAMS 0x00000000e7700000, 0x00000000e7700000| Untracked 
| 120|0x00000000e7800000, 0x00000000e7800000, 0x00000000e7900000|  0%| F|  |TAMS 0x00000000e7800000, 0x00000000e7800000| Untracked 
| 121|0x00000000e7900000, 0x00000000e7900000, 0x00000000e7a00000|  0%| F|  |TAMS 0x00000000e7900000, 0x00000000e7900000| Untracked 
| 122|0x00000000e7a00000, 0x00000000e7a00000, 0x00000000e7b00000|  0%| F|  |TAMS 0x00000000e7a00000, 0x00000000e7a00000| Untracked 
| 123|0x00000000e7b00000, 0x00000000e7b00000, 0x00000000e7c00000|  0%| F|  |TAMS 0x00000000e7b00000, 0x00000000e7b00000| Untracked 
| 124|0x00000000e7c00000, 0x00000000e7c00000, 0x00000000e7d00000|  0%| F|  |TAMS 0x00000000e7c00000, 0x00000000e7c00000| Untracked 
| 125|0x00000000e7d00000, 0x00000000e7d00000, 0x00000000e7e00000|  0%| F|  |TAMS 0x00000000e7d00000, 0x00000000e7d00000| Untracked 
| 126|0x00000000e7e00000, 0x00000000e7e00000, 0x00000000e7f00000|  0%| F|  |TAMS 0x00000000e7e00000, 0x00000000e7e00000| Untracked 
| 127|0x00000000e7f00000, 0x00000000e7f00000, 0x00000000e8000000|  0%| F|  |TAMS 0x00000000e7f00000, 0x00000000e7f00000| Untracked 
| 128|0x00000000e8000000, 0x00000000e8000000, 0x00000000e8100000|  0%| F|  |TAMS 0x00000000e8000000, 0x00000000e8000000| Untracked 
| 129|0x00000000e8100000, 0x00000000e8100000, 0x00000000e8200000|  0%| F|  |TAMS 0x00000000e8100000, 0x00000000e8100000| Untracked 
| 130|0x00000000e8200000, 0x00000000e8200000, 0x00000000e8300000|  0%| F|  |TAMS 0x00000000e8200000, 0x00000000e8200000| Untracked 
| 131|0x00000000e8300000, 0x00000000e8300000, 0x00000000e8400000|  0%| F|  |TAMS 0x00000000e8300000, 0x00000000e8300000| Untracked 
| 132|0x00000000e8400000, 0x00000000e8400000, 0x00000000e8500000|  0%| F|  |TAMS 0x00000000e8400000, 0x00000000e8400000| Untracked 
| 133|0x00000000e8500000, 0x00000000e8500000, 0x00000000e8600000|  0%| F|  |TAMS 0x00000000e8500000, 0x00000000e8500000| Untracked 
| 134|0x00000000e8600000, 0x00000000e8600000, 0x00000000e8700000|  0%| F|  |TAMS 0x00000000e8600000, 0x00000000e8600000| Untracked 
| 135|0x00000000e8700000, 0x00000000e8700000, 0x00000000e8800000|  0%| F|  |TAMS 0x00000000e8700000, 0x00000000e8700000| Untracked 
| 136|0x00000000e8800000, 0x00000000e8800000, 0x00000000e8900000|  0%| F|  |TAMS 0x00000000e8800000, 0x00000000e8800000| Untracked 
| 137|0x00000000e8900000, 0x00000000e8900000, 0x00000000e8a00000|  0%| F|  |TAMS 0x00000000e8900000, 0x00000000e8900000| Untracked 
| 138|0x00000000e8a00000, 0x00000000e8a00000, 0x00000000e8b00000|  0%| F|  |TAMS 0x00000000e8a00000, 0x00000000e8a00000| Untracked 
| 139|0x00000000e8b00000, 0x00000000e8b00000, 0x00000000e8c00000|  0%| F|  |TAMS 0x00000000e8b00000, 0x00000000e8b00000| Untracked 
| 140|0x00000000e8c00000, 0x00000000e8c00000, 0x00000000e8d00000|  0%| F|  |TAMS 0x00000000e8c00000, 0x00000000e8c00000| Untracked 
| 141|0x00000000e8d00000, 0x00000000e8d00000, 0x00000000e8e00000|  0%| F|  |TAMS 0x00000000e8d00000, 0x00000000e8d00000| Untracked 
| 142|0x00000000e8e00000, 0x00000000e8e00000, 0x00000000e8f00000|  0%| F|  |TAMS 0x00000000e8e00000, 0x00000000e8e00000| Untracked 
| 143|0x00000000e8f00000, 0x00000000e8f00000, 0x00000000e9000000|  0%| F|  |TAMS 0x00000000e8f00000, 0x00000000e8f00000| Untracked 
| 144|0x00000000e9000000, 0x00000000e9000000, 0x00000000e9100000|  0%| F|  |TAMS 0x00000000e9000000, 0x00000000e9000000| Untracked 
| 145|0x00000000e9100000, 0x00000000e9100000, 0x00000000e9200000|  0%| F|  |TAMS 0x00000000e9100000, 0x00000000e9100000| Untracked 
| 146|0x00000000e9200000, 0x00000000e9200000, 0x00000000e9300000|  0%| F|  |TAMS 0x00000000e9200000, 0x00000000e9200000| Untracked 
| 147|0x00000000e9300000, 0x00000000e9300000, 0x00000000e9400000|  0%| F|  |TAMS 0x00000000e9300000, 0x00000000e9300000| Untracked 
| 148|0x00000000e9400000, 0x00000000e9400000, 0x00000000e9500000|  0%| F|  |TAMS 0x00000000e9400000, 0x00000000e9400000| Untracked 
| 149|0x00000000e9500000, 0x00000000e9500000, 0x00000000e9600000|  0%| F|  |TAMS 0x00000000e9500000, 0x00000000e9500000| Untracked 
| 150|0x00000000e9600000, 0x00000000e9600000, 0x00000000e9700000|  0%| F|  |TAMS 0x00000000e9600000, 0x00000000e9600000| Untracked 
| 151|0x00000000e9700000, 0x00000000e9700000, 0x00000000e9800000|  0%| F|  |TAMS 0x00000000e9700000, 0x00000000e9700000| Untracked 
| 152|0x00000000e9800000, 0x00000000e9800000, 0x00000000e9900000|  0%| F|  |TAMS 0x00000000e9800000, 0x00000000e9800000| Untracked 
| 153|0x00000000e9900000, 0x00000000e9900000, 0x00000000e9a00000|  0%| F|  |TAMS 0x00000000e9900000, 0x00000000e9900000| Untracked 
| 154|0x00000000e9a00000, 0x00000000e9a00000, 0x00000000e9b00000|  0%| F|  |TAMS 0x00000000e9a00000, 0x00000000e9a00000| Untracked 
| 155|0x00000000e9b00000, 0x00000000e9b00000, 0x00000000e9c00000|  0%| F|  |TAMS 0x00000000e9b00000, 0x00000000e9b00000| Untracked 
| 156|0x00000000e9c00000, 0x00000000e9c00000, 0x00000000e9d00000|  0%| F|  |TAMS 0x00000000e9c00000, 0x00000000e9c00000| Untracked 
| 157|0x00000000e9d00000, 0x00000000e9d00000, 0x00000000e9e00000|  0%| F|  |TAMS 0x00000000e9d00000, 0x00000000e9d00000| Untracked 
| 158|0x00000000e9e00000, 0x00000000e9e00000, 0x00000000e9f00000|  0%| F|  |TAMS 0x00000000e9e00000, 0x00000000e9e00000| Untracked 
| 159|0x00000000e9f00000, 0x00000000e9f00000, 0x00000000ea000000|  0%| F|  |TAMS 0x00000000e9f00000, 0x00000000e9f00000| Untracked 
| 160|0x00000000ea000000, 0x00000000ea000000, 0x00000000ea100000|  0%| F|  |TAMS 0x00000000ea000000, 0x00000000ea000000| Untracked 
| 161|0x00000000ea100000, 0x00000000ea100000, 0x00000000ea200000|  0%| F|  |TAMS 0x00000000ea100000, 0x00000000ea100000| Untracked 
| 162|0x00000000ea200000, 0x00000000ea200000, 0x00000000ea300000|  0%| F|  |TAMS 0x00000000ea200000, 0x00000000ea200000| Untracked 
| 163|0x00000000ea300000, 0x00000000ea300000, 0x00000000ea400000|  0%| F|  |TAMS 0x00000000ea300000, 0x00000000ea300000| Untracked 
| 164|0x00000000ea400000, 0x00000000ea400000, 0x00000000ea500000|  0%| F|  |TAMS 0x00000000ea400000, 0x00000000ea400000| Untracked 
| 165|0x00000000ea500000, 0x00000000ea500000, 0x00000000ea600000|  0%| F|  |TAMS 0x00000000ea500000, 0x00000000ea500000| Untracked 
| 166|0x00000000ea600000, 0x00000000ea600000, 0x00000000ea700000|  0%| F|  |TAMS 0x00000000ea600000, 0x00000000ea600000| Untracked 
| 167|0x00000000ea700000, 0x00000000ea700000, 0x00000000ea800000|  0%| F|  |TAMS 0x00000000ea700000, 0x00000000ea700000| Untracked 
| 168|0x00000000ea800000, 0x00000000ea800000, 0x00000000ea900000|  0%| F|  |TAMS 0x00000000ea800000, 0x00000000ea800000| Untracked 
| 169|0x00000000ea900000, 0x00000000ea900000, 0x00000000eaa00000|  0%| F|  |TAMS 0x00000000ea900000, 0x00000000ea900000| Untracked 
| 170|0x00000000eaa00000, 0x00000000eaa00000, 0x00000000eab00000|  0%| F|  |TAMS 0x00000000eaa00000, 0x00000000eaa00000| Untracked 
| 171|0x00000000eab00000, 0x00000000eab00000, 0x00000000eac00000|  0%| F|  |TAMS 0x00000000eab00000, 0x00000000eab00000| Untracked 
| 172|0x00000000eac00000, 0x00000000ead00000, 0x00000000ead00000|100%| E|  |TAMS 0x00000000eac00000, 0x00000000eac00000| Complete 
| 173|0x00000000ead00000, 0x00000000eae00000, 0x00000000eae00000|100%| E|CS|TAMS 0x00000000ead00000, 0x00000000ead00000| Complete 
| 174|0x00000000eae00000, 0x00000000eaf00000, 0x00000000eaf00000|100%| E|CS|TAMS 0x00000000eae00000, 0x00000000eae00000| Complete 
| 175|0x00000000eaf00000, 0x00000000eb000000, 0x00000000eb000000|100%| E|CS|TAMS 0x00000000eaf00000, 0x00000000eaf00000| Complete 
| 176|0x00000000eb000000, 0x00000000eb100000, 0x00000000eb100000|100%| E|CS|TAMS 0x00000000eb000000, 0x00000000eb000000| Complete 
| 177|0x00000000eb100000, 0x00000000eb200000, 0x00000000eb200000|100%| E|CS|TAMS 0x00000000eb100000, 0x00000000eb100000| Complete 
| 178|0x00000000eb200000, 0x00000000eb300000, 0x00000000eb300000|100%| E|CS|TAMS 0x00000000eb200000, 0x00000000eb200000| Complete 
| 179|0x00000000eb300000, 0x00000000eb400000, 0x00000000eb400000|100%| E|CS|TAMS 0x00000000eb300000, 0x00000000eb300000| Complete 
| 180|0x00000000eb400000, 0x00000000eb500000, 0x00000000eb500000|100%| E|CS|TAMS 0x00000000eb400000, 0x00000000eb400000| Complete 
| 181|0x00000000eb500000, 0x00000000eb600000, 0x00000000eb600000|100%| E|CS|TAMS 0x00000000eb500000, 0x00000000eb500000| Complete 
| 182|0x00000000eb600000, 0x00000000eb700000, 0x00000000eb700000|100%| E|CS|TAMS 0x00000000eb600000, 0x00000000eb600000| Complete 
| 183|0x00000000eb700000, 0x00000000eb800000, 0x00000000eb800000|100%| E|CS|TAMS 0x00000000eb700000, 0x00000000eb700000| Complete 
| 184|0x00000000eb800000, 0x00000000eb900000, 0x00000000eb900000|100%| E|CS|TAMS 0x00000000eb800000, 0x00000000eb800000| Complete 
| 185|0x00000000eb900000, 0x00000000eba00000, 0x00000000eba00000|100%| E|CS|TAMS 0x00000000eb900000, 0x00000000eb900000| Complete 
| 186|0x00000000eba00000, 0x00000000ebb00000, 0x00000000ebb00000|100%| E|CS|TAMS 0x00000000eba00000, 0x00000000eba00000| Complete 
| 187|0x00000000ebb00000, 0x00000000ebc00000, 0x00000000ebc00000|100%| E|CS|TAMS 0x00000000ebb00000, 0x00000000ebb00000| Complete 
| 188|0x00000000ebc00000, 0x00000000ebd00000, 0x00000000ebd00000|100%| E|CS|TAMS 0x00000000ebc00000, 0x00000000ebc00000| Complete 
| 189|0x00000000ebd00000, 0x00000000ebe00000, 0x00000000ebe00000|100%| E|CS|TAMS 0x00000000ebd00000, 0x00000000ebd00000| Complete 
| 190|0x00000000ebe00000, 0x00000000ebf00000, 0x00000000ebf00000|100%| E|CS|TAMS 0x00000000ebe00000, 0x00000000ebe00000| Complete 
| 191|0x00000000ebf00000, 0x00000000ec000000, 0x00000000ec000000|100%| E|CS|TAMS 0x00000000ebf00000, 0x00000000ebf00000| Complete 
| 192|0x00000000ec000000, 0x00000000ec100000, 0x00000000ec100000|100%| E|CS|TAMS 0x00000000ec000000, 0x00000000ec000000| Complete 
| 193|0x00000000ec100000, 0x00000000ec200000, 0x00000000ec200000|100%| E|CS|TAMS 0x00000000ec100000, 0x00000000ec100000| Complete 
| 194|0x00000000ec200000, 0x00000000ec300000, 0x00000000ec300000|100%| E|CS|TAMS 0x00000000ec200000, 0x00000000ec200000| Complete 
| 195|0x00000000ec300000, 0x00000000ec400000, 0x00000000ec400000|100%| E|CS|TAMS 0x00000000ec300000, 0x00000000ec300000| Complete 
| 196|0x00000000ec400000, 0x00000000ec500000, 0x00000000ec500000|100%| E|CS|TAMS 0x00000000ec400000, 0x00000000ec400000| Complete 
| 197|0x00000000ec500000, 0x00000000ec600000, 0x00000000ec600000|100%| E|CS|TAMS 0x00000000ec500000, 0x00000000ec500000| Complete 
| 198|0x00000000ec600000, 0x00000000ec700000, 0x00000000ec700000|100%| E|CS|TAMS 0x00000000ec600000, 0x00000000ec600000| Complete 
| 199|0x00000000ec700000, 0x00000000ec800000, 0x00000000ec800000|100%| E|CS|TAMS 0x00000000ec700000, 0x00000000ec700000| Complete 
| 200|0x00000000ec800000, 0x00000000ec900000, 0x00000000ec900000|100%| E|CS|TAMS 0x00000000ec800000, 0x00000000ec800000| Complete 
| 201|0x00000000ec900000, 0x00000000eca00000, 0x00000000eca00000|100%| E|CS|TAMS 0x00000000ec900000, 0x00000000ec900000| Complete 
| 202|0x00000000eca00000, 0x00000000ecb00000, 0x00000000ecb00000|100%| E|CS|TAMS 0x00000000eca00000, 0x00000000eca00000| Complete 
| 203|0x00000000ecb00000, 0x00000000ecc00000, 0x00000000ecc00000|100%| E|CS|TAMS 0x00000000ecb00000, 0x00000000ecb00000| Complete 
| 204|0x00000000ecc00000, 0x00000000ecd00000, 0x00000000ecd00000|100%| E|CS|TAMS 0x00000000ecc00000, 0x00000000ecc00000| Complete 
| 205|0x00000000ecd00000, 0x00000000ece00000, 0x00000000ece00000|100%| E|CS|TAMS 0x00000000ecd00000, 0x00000000ecd00000| Complete 
| 206|0x00000000ece00000, 0x00000000ecf00000, 0x00000000ecf00000|100%| E|CS|TAMS 0x00000000ece00000, 0x00000000ece00000| Complete 
| 207|0x00000000ecf00000, 0x00000000ed000000, 0x00000000ed000000|100%| E|CS|TAMS 0x00000000ecf00000, 0x00000000ecf00000| Complete 
| 208|0x00000000ed000000, 0x00000000ed100000, 0x00000000ed100000|100%| E|CS|TAMS 0x00000000ed000000, 0x00000000ed000000| Complete 
| 209|0x00000000ed100000, 0x00000000ed200000, 0x00000000ed200000|100%| E|CS|TAMS 0x00000000ed100000, 0x00000000ed100000| Complete 
| 210|0x00000000ed200000, 0x00000000ed300000, 0x00000000ed300000|100%| E|CS|TAMS 0x00000000ed200000, 0x00000000ed200000| Complete 
| 211|0x00000000ed300000, 0x00000000ed400000, 0x00000000ed400000|100%| E|CS|TAMS 0x00000000ed300000, 0x00000000ed300000| Complete 
| 212|0x00000000ed400000, 0x00000000ed500000, 0x00000000ed500000|100%| E|CS|TAMS 0x00000000ed400000, 0x00000000ed400000| Complete 
| 213|0x00000000ed500000, 0x00000000ed600000, 0x00000000ed600000|100%| E|CS|TAMS 0x00000000ed500000, 0x00000000ed500000| Complete 
| 214|0x00000000ed600000, 0x00000000ed700000, 0x00000000ed700000|100%| E|CS|TAMS 0x00000000ed600000, 0x00000000ed600000| Complete 
| 215|0x00000000ed700000, 0x00000000ed800000, 0x00000000ed800000|100%| E|CS|TAMS 0x00000000ed700000, 0x00000000ed700000| Complete 
| 216|0x00000000ed800000, 0x00000000ed900000, 0x00000000ed900000|100%| E|CS|TAMS 0x00000000ed800000, 0x00000000ed800000| Complete 
| 217|0x00000000ed900000, 0x00000000eda00000, 0x00000000eda00000|100%| E|CS|TAMS 0x00000000ed900000, 0x00000000ed900000| Complete 
| 218|0x00000000eda00000, 0x00000000edb00000, 0x00000000edb00000|100%| E|CS|TAMS 0x00000000eda00000, 0x00000000eda00000| Complete 
| 219|0x00000000edb00000, 0x00000000edc00000, 0x00000000edc00000|100%| E|CS|TAMS 0x00000000edb00000, 0x00000000edb00000| Complete 
| 220|0x00000000edc00000, 0x00000000edd00000, 0x00000000edd00000|100%| E|CS|TAMS 0x00000000edc00000, 0x00000000edc00000| Complete 
| 221|0x00000000edd00000, 0x00000000ede00000, 0x00000000ede00000|100%| E|CS|TAMS 0x00000000edd00000, 0x00000000edd00000| Complete 
| 222|0x00000000ede00000, 0x00000000edf00000, 0x00000000edf00000|100%| E|CS|TAMS 0x00000000ede00000, 0x00000000ede00000| Complete 
| 223|0x00000000edf00000, 0x00000000ee000000, 0x00000000ee000000|100%| E|CS|TAMS 0x00000000edf00000, 0x00000000edf00000| Complete 
| 224|0x00000000ee000000, 0x00000000ee100000, 0x00000000ee100000|100%| E|CS|TAMS 0x00000000ee000000, 0x00000000ee000000| Complete 
| 225|0x00000000ee100000, 0x00000000ee200000, 0x00000000ee200000|100%| E|CS|TAMS 0x00000000ee100000, 0x00000000ee100000| Complete 
| 226|0x00000000ee200000, 0x00000000ee300000, 0x00000000ee300000|100%| E|CS|TAMS 0x00000000ee200000, 0x00000000ee200000| Complete 
| 227|0x00000000ee300000, 0x00000000ee400000, 0x00000000ee400000|100%| E|CS|TAMS 0x00000000ee300000, 0x00000000ee300000| Complete 
| 228|0x00000000ee400000, 0x00000000ee500000, 0x00000000ee500000|100%| E|CS|TAMS 0x00000000ee400000, 0x00000000ee400000| Complete 
| 229|0x00000000ee500000, 0x00000000ee600000, 0x00000000ee600000|100%| E|CS|TAMS 0x00000000ee500000, 0x00000000ee500000| Complete 
| 230|0x00000000ee600000, 0x00000000ee700000, 0x00000000ee700000|100%| E|CS|TAMS 0x00000000ee600000, 0x00000000ee600000| Complete 
| 231|0x00000000ee700000, 0x00000000ee800000, 0x00000000ee800000|100%| E|CS|TAMS 0x00000000ee700000, 0x00000000ee700000| Complete 
| 232|0x00000000ee800000, 0x00000000ee900000, 0x00000000ee900000|100%| E|CS|TAMS 0x00000000ee800000, 0x00000000ee800000| Complete 
| 233|0x00000000ee900000, 0x00000000eea00000, 0x00000000eea00000|100%| E|CS|TAMS 0x00000000ee900000, 0x00000000ee900000| Complete 
| 234|0x00000000eea00000, 0x00000000eeb00000, 0x00000000eeb00000|100%| E|CS|TAMS 0x00000000eea00000, 0x00000000eea00000| Complete 
| 235|0x00000000eeb00000, 0x00000000eec00000, 0x00000000eec00000|100%| E|CS|TAMS 0x00000000eeb00000, 0x00000000eeb00000| Complete 
| 236|0x00000000eec00000, 0x00000000eed00000, 0x00000000eed00000|100%| E|CS|TAMS 0x00000000eec00000, 0x00000000eec00000| Complete 
| 237|0x00000000eed00000, 0x00000000eee00000, 0x00000000eee00000|100%| E|CS|TAMS 0x00000000eed00000, 0x00000000eed00000| Complete 
| 238|0x00000000eee00000, 0x00000000eef00000, 0x00000000eef00000|100%| E|CS|TAMS 0x00000000eee00000, 0x00000000eee00000| Complete 
| 239|0x00000000eef00000, 0x00000000ef000000, 0x00000000ef000000|100%| E|CS|TAMS 0x00000000eef00000, 0x00000000eef00000| Complete 
| 240|0x00000000ef000000, 0x00000000ef100000, 0x00000000ef100000|100%| E|CS|TAMS 0x00000000ef000000, 0x00000000ef000000| Complete 
| 241|0x00000000ef100000, 0x00000000ef200000, 0x00000000ef200000|100%| E|CS|TAMS 0x00000000ef100000, 0x00000000ef100000| Complete 
| 242|0x00000000ef200000, 0x00000000ef300000, 0x00000000ef300000|100%| E|CS|TAMS 0x00000000ef200000, 0x00000000ef200000| Complete 
| 243|0x00000000ef300000, 0x00000000ef400000, 0x00000000ef400000|100%| E|CS|TAMS 0x00000000ef300000, 0x00000000ef300000| Complete 
| 244|0x00000000ef400000, 0x00000000ef500000, 0x00000000ef500000|100%| E|CS|TAMS 0x00000000ef400000, 0x00000000ef400000| Complete 
| 245|0x00000000ef500000, 0x00000000ef600000, 0x00000000ef600000|100%| E|CS|TAMS 0x00000000ef500000, 0x00000000ef500000| Complete 
| 246|0x00000000ef600000, 0x00000000ef700000, 0x00000000ef700000|100%| E|CS|TAMS 0x00000000ef600000, 0x00000000ef600000| Complete 
| 247|0x00000000ef700000, 0x00000000ef800000, 0x00000000ef800000|100%| E|CS|TAMS 0x00000000ef700000, 0x00000000ef700000| Complete 
| 248|0x00000000ef800000, 0x00000000ef900000, 0x00000000ef900000|100%| E|CS|TAMS 0x00000000ef800000, 0x00000000ef800000| Complete 
| 249|0x00000000ef900000, 0x00000000efa00000, 0x00000000efa00000|100%| E|CS|TAMS 0x00000000ef900000, 0x00000000ef900000| Complete 
| 250|0x00000000efa00000, 0x00000000efb00000, 0x00000000efb00000|100%| E|CS|TAMS 0x00000000efa00000, 0x00000000efa00000| Complete 
| 251|0x00000000efb00000, 0x00000000efc00000, 0x00000000efc00000|100%| E|CS|TAMS 0x00000000efb00000, 0x00000000efb00000| Complete 
| 252|0x00000000efc00000, 0x00000000efd00000, 0x00000000efd00000|100%| E|CS|TAMS 0x00000000efc00000, 0x00000000efc00000| Complete 
| 253|0x00000000efd00000, 0x00000000efe00000, 0x00000000efe00000|100%| E|CS|TAMS 0x00000000efd00000, 0x00000000efd00000| Complete 
| 254|0x00000000efe00000, 0x00000000eff00000, 0x00000000eff00000|100%| E|CS|TAMS 0x00000000efe00000, 0x00000000efe00000| Complete 
| 255|0x00000000eff00000, 0x00000000f0000000, 0x00000000f0000000|100%| E|CS|TAMS 0x00000000eff00000, 0x00000000eff00000| Complete 

Card table byte_map: [0x00000000455e0000,0x00000000456e0000] _byte_map_base: 0x0000000044ee0000

Marking Bits (Prev, Next): (CMBitMap*) 0x000000002d814ff8, (CMBitMap*) 0x000000002d815038
 Prev Bits: [0x00000000457e0000, 0x0000000045fe0000)
 Next Bits: [0x0000000045fe0000, 0x00000000467e0000)

Polling page: 0x000000002ce20000

Metaspace:

Usage:
  Non-class:      4.51 MB capacity,     2.42 MB ( 54%) used,     2.08 MB ( 46%) free+waste,     3.94 KB ( <1%) overhead. 
      Class:    487.00 KB capacity,   235.21 KB ( 48%) used,   249.54 KB ( 51%) free+waste,     2.25 KB ( <1%) overhead. 
       Both:      4.98 MB capacity,     2.65 MB ( 53%) used,     2.33 MB ( 47%) free+waste,     6.19 KB ( <1%) overhead. 

Virtual space:
  Non-class space:        8.00 MB reserved,       4.75 MB ( 59%) committed 
      Class space:        1.00 GB reserved,     512.00 KB ( <1%) committed 
             Both:        1.01 GB reserved,       5.25 MB ( <1%) committed 

Chunk freelists:
   Non-Class:  7.25 KB
       Class:  3.13 KB
        Both:  10.38 KB

CodeHeap 'non-profiled nmethods': size=119168Kb used=1012Kb max_used=1012Kb free=118155Kb
 bounds [0x000000003d7f0000, 0x000000003da60000, 0x0000000044c50000]
CodeHeap 'profiled nmethods': size=119168Kb used=2385Kb max_used=2385Kb free=116782Kb
 bounds [0x0000000036390000, 0x0000000036600000, 0x000000003d7f0000]
CodeHeap 'non-nmethods': size=7424Kb used=1080Kb max_used=2259Kb free=6343Kb
 bounds [0x0000000035c50000, 0x0000000035f00000, 0x0000000036390000]
 total_blobs=1797 nmethods=1027 adapters=276
 compilation: enabled
              stopped_count=0, restarted_count=0
 full_count=0

Compilation events (10 events):
Event: 67.157 Thread 0x00000000557a0800 1107       3       opennlp.tools.util.Cache::clear (76 bytes)
Event: 67.157 Thread 0x00000000557a0800 nmethod 1107 0x00000000365e3010 code [0x00000000365e3220, 0x00000000365e37c0]
Event: 67.216 Thread 0x00000000557a0800 1112       3       opennlp.tools.util.ListHeap::clear (10 bytes)
Event: 67.217 Thread 0x00000000557a0800 nmethod 1112 0x00000000365e3a10 code [0x00000000365e3be0, 0x00000000365e3e30]
Event: 67.629 Thread 0x000000005579c800 nmethod 1091 0x000000003d8dd010 code [0x000000003d8dd5e0, 0x000000003d8e84a0]
Event: 67.630 Thread 0x000000005579c800 1109       4       opennlp.tools.postag.DefaultPOSContextGenerator::getSuffixes (41 bytes)
Event: 67.639 Thread 0x000000005579c800 nmethod 1109 0x000000003d8ec510 code [0x000000003d8ec6e0, 0x000000003d8ecdc8]
Event: 67.639 Thread 0x000000005579c800 1119       4       opennlp.tools.postag.DefaultPOSContextGenerator::getContext (734 bytes)
Event: 67.799 Thread 0x00000000557a0800 1122       3       java.lang.String::indexOf (7 bytes)
Event: 67.800 Thread 0x00000000557a0800 nmethod 1122 0x00000000365e3f10 code [0x00000000365e4100, 0x00000000365e4480]

GC Heap History (4 events):
Event: 9.830 GC heap before
{Heap before GC invocations=0 (full 0):
 garbage-first heap   total 262144K, used 28672K [0x00000000e0000000, 0x0000000100000000)
  region size 1024K, 24 young (24576K), 0 survivors (0K)
 Metaspace       used 601K, capacity 4736K, committed 4864K, reserved 1056768K
  class space    used 41K, capacity 428K, committed 512K, reserved 1048576K
}
Event: 9.833 GC heap after
{Heap after GC invocations=1 (full 0):
 garbage-first heap   total 262144K, used 3807K [0x00000000e0000000, 0x0000000100000000)
  region size 1024K, 3 young (3072K), 3 survivors (3072K)
 Metaspace       used 601K, capacity 4736K, committed 4864K, reserved 1056768K
  class space    used 41K, capacity 428K, committed 512K, reserved 1048576K
}
Event: 66.988 GC heap before
{Heap before GC invocations=1 (full 0):
 garbage-first heap   total 262144K, used 158431K [0x00000000e0000000, 0x0000000100000000)
  region size 1024K, 153 young (156672K), 3 survivors (3072K)
 Metaspace       used 2708K, capacity 5101K, committed 5376K, reserved 1056768K
  class space    used 235K, capacity 487K, committed 512K, reserved 1048576K
}
Event: 67.061 GC heap after
{Heap after GC invocations=2 (full 0):
 garbage-first heap   total 262144K, used 24032K [0x00000000e0000000, 0x0000000100000000)
  region size 1024K, 20 young (20480K), 20 survivors (20480K)
 Metaspace       used 2708K, capacity 5101K, committed 5376K, reserved 1056768K
  class space    used 235K, capacity 487K, committed 512K, reserved 1048576K
}

Deoptimization events (10 events):
Event: 16.943 Thread 0x000000002d7f0800 Uncommon trap: reason=unstable_if action=reinterpret pc=0x000000003d89e878 method=opennlp.tools.tokenize.DefaultTokenContextGenerator.addCharPreds(Ljava/lang/String;CLjava/util/List;)V @ 268 c2
Event: 19.099 Thread 0x000000002d7f0800 Uncommon trap: reason=unstable_if action=reinterpret pc=0x000000003d89477c method=opennlp.tools.tokenize.DefaultTokenContextGenerator.createContext(Ljava/lang/String;I)Ljava/util/List; @ 315 c2
Event: 19.479 Thread 0x000000002d7f0800 Uncommon trap: reason=unstable_if action=reinterpret pc=0x000000003d8b0f98 method=opennlp.tools.tokenize.DefaultTokenContextGenerator.addCharPreds(Ljava/lang/String;CLjava/util/List;)V @ 221 c2
Event: 66.331 Thread 0x000000002d7f0800 Uncommon trap: reason=unstable_if action=reinterpret pc=0x000000003d86bb88 method=java.lang.AbstractStringBuilder.append(Ljava/lang/String;)Ljava/lang/AbstractStringBuilder; @ 1 c2
Event: 66.337 Thread 0x000000002d7f0800 Uncommon trap: reason=unstable_if action=reinterpret pc=0x000000003d88d094 method=java.lang.String.substring(I)Ljava/lang/String; @ 34 c2
Event: 66.512 Thread 0x000000002d7f0800 Uncommon trap: reason=unstable_if action=reinterpret pc=0x000000003d8c6ae0 method=java.util.HashMap.getNode(ILjava/lang/Object;)Ljava/util/HashMap$Node; @ 62 c2
Event: 66.512 Thread 0x000000002d7f0800 Uncommon trap: reason=unstable_if action=reinterpret pc=0x000000003d8409b0 method=java.util.HashMap.getNode(ILjava/lang/Object;)Ljava/util/HashMap$Node; @ 62 c2
Event: 67.395 Thread 0x000000002d7f0800 Uncommon trap: reason=unstable_if action=reinterpret pc=0x000000003d8d4624 method=opennlp.tools.util.BeamSearch.bestSequences(I[Ljava/lang/Object;[Ljava/lang/Object;D)[Lopennlp/tools/util/Sequence; @ 389 c2
Event: 67.629 Thread 0x000000002d7f0800 Uncommon trap: reason=range_check action=make_not_entrant pc=0x000000003d8e5080 method=opennlp.tools.postag.DefaultPOSContextGenerator.getContext(I[Ljava/lang/Object;[Ljava/lang/String;)[Ljava/lang/String; @ 41 c2
Event: 67.786 Thread 0x000000002d7f0800 Uncommon trap: reason=unstable_if action=reinterpret pc=0x000000003d828f34 method=java.lang.String.indexOf(II)I @ 4 c2

Classes redefined (0 events):
No events

Internal exceptions (1 events):
Event: 66.330 Thread 0x000000002d7f0800 Implicit null exception at 0x000000003d86b2a4 to 0x000000003d86bb6e

Events (10 events):
Event: 67.395 Thread 0x000000002d7f0800 DEOPT UNPACKING pc=0x0000000035c799ce sp=0x00000000043edfd0 mode 0
Event: 67.395 Thread 0x000000002d7f0800 Uncommon trap: trap_request=0xffffff4d fr.pc=0x000000003d8d4624 relative=0x0000000000007144
Event: 67.395 Thread 0x000000002d7f0800 DEOPT PACKING pc=0x000000003d8d4624 sp=0x00000000043eeac0
Event: 67.395 Thread 0x000000002d7f0800 DEOPT UNPACKING pc=0x0000000035c79baf sp=0x00000000043eead8 mode 2
Event: 67.629 Thread 0x000000002d7f0800 Uncommon trap: trap_request=0xffffffe4 fr.pc=0x000000003d8e5080 relative=0x0000000000007aa0
Event: 67.629 Thread 0x000000002d7f0800 DEOPT PACKING pc=0x000000003d8e5080 sp=0x00000000043ee960
Event: 67.629 Thread 0x000000002d7f0800 DEOPT UNPACKING pc=0x0000000035c79baf sp=0x00000000043ee968 mode 2
Event: 67.786 Thread 0x000000002d7f0800 Uncommon trap: trap_request=0xffffff4d fr.pc=0x000000003d828f34 relative=0x0000000000000174
Event: 67.786 Thread 0x000000002d7f0800 DEOPT PACKING pc=0x000000003d828f34 sp=0x00000000043ee950
Event: 67.786 Thread 0x000000002d7f0800 DEOPT UNPACKING pc=0x0000000035c79baf sp=0x00000000043ee880 mode 2


Dynamic libraries:
0x0000000000400000 - 0x000000000041f000 	C:\PROGRA~1\R\R-41~1.1\bin\x64\Rscript.exe
0x00007ff842cf0000 - 0x00007ff842ee5000 	C:\WINDOWS\SYSTEM32\ntdll.dll
0x00007ff841f40000 - 0x00007ff841ffe000 	C:\WINDOWS\System32\KERNEL32.DLL
0x00007ff840850000 - 0x00007ff840b19000 	C:\WINDOWS\System32\KERNELBASE.dll
0x00007ff840f80000 - 0x00007ff84101e000 	C:\WINDOWS\System32\msvcrt.dll
0x00007ff841600000 - 0x00007ff841655000 	C:\WINDOWS\System32\SHLWAPI.dll
0x00007ff8411d0000 - 0x00007ff841371000 	C:\WINDOWS\System32\USER32.dll
0x00007ff840510000 - 0x00007ff840532000 	C:\WINDOWS\System32\win32u.dll
0x00007ff842310000 - 0x00007ff84233b000 	C:\WINDOWS\System32\GDI32.dll
0x00007ff840690000 - 0x00007ff84079b000 	C:\WINDOWS\System32\gdi32full.dll
0x00007ff8405a0000 - 0x00007ff84063d000 	C:\WINDOWS\System32\msvcp_win.dll
0x00007ff840410000 - 0x00007ff840510000 	C:\WINDOWS\System32\ucrtbase.dll
0x0000000063540000 - 0x00000000635ef000 	C:\PROGRA~1\R\R-41~1.1\bin\x64\Rgraphapp.dll
0x000000006c700000 - 0x000000006e672000 	C:\PROGRA~1\R\R-41~1.1\bin\x64\R.dll
0x00007ff8420f0000 - 0x00007ff84219c000 	C:\WINDOWS\System32\ADVAPI32.dll
0x00007ff841760000 - 0x00007ff8417fb000 	C:\WINDOWS\System32\sechost.dll
0x00007ff841380000 - 0x00007ff84145a000 	C:\WINDOWS\System32\comdlg32.dll
0x0000000064e80000 - 0x0000000064f02000 	C:\PROGRA~1\R\R-41~1.1\bin\x64\Rblas.dll
0x00007ff8414c0000 - 0x00007ff8415ea000 	C:\WINDOWS\System32\RPCRT4.dll
0x00007ff842820000 - 0x00007ff842b75000 	C:\WINDOWS\System32\combase.dll
0x00007ff841800000 - 0x00007ff841f3f000 	C:\WINDOWS\System32\SHELL32.dll
0x00007ff834c30000 - 0x00007ff834eca000 	C:\WINDOWS\WinSxS\amd64_microsoft.windows.common-controls_6595b64144ccf1df_6.0.19041.1110_none_60b5254171f9507e\COMCTL32.dll
0x00007ff840d40000 - 0x00007ff840dee000 	C:\WINDOWS\System32\shcore.dll
0x00007ff8421a0000 - 0x00007ff8421d0000 	C:\WINDOWS\System32\IMM32.dll
0x00007ff83a4b0000 - 0x00007ff83a4ba000 	C:\WINDOWS\SYSTEM32\VERSION.dll
0x00007ff835a20000 - 0x00007ff835a47000 	C:\WINDOWS\SYSTEM32\WINMM.dll
0x00000000641c0000 - 0x0000000064220000 	C:\PROGRA~1\R\R-41~1.1\bin\x64\Riconv.dll
0x00007ff839350000 - 0x00007ff839357000 	C:\WINDOWS\SYSTEM32\MSIMG32.dll
0x00007ff83de70000 - 0x00007ff83df0e000 	C:\WINDOWS\system32\uxtheme.dll
0x0000000064a40000 - 0x0000000064a54000 	C:\Program Files\R\R-4.1.1\library\methods\libs\x64\methods.dll
0x00000000148a0000 - 0x00000000148cd000 	C:\Program Files\R\R-4.1.1\library\utils\libs\x64\utils.dll
0x000000006fc80000 - 0x000000006fe09000 	C:\Program Files\R\R-4.1.1\library\grDevices\libs\x64\grDevices.dll
0x0000000063740000 - 0x0000000063792000 	C:\Program Files\R\R-4.1.1\library\graphics\libs\x64\graphics.dll
0x0000000071100000 - 0x00000000711a9000 	C:\Program Files\R\R-4.1.1\library\stats\libs\x64\stats.dll
0x0000000014ba0000 - 0x0000000014e2e000 	C:\PROGRA~1\R\R-41~1.1\bin\x64\Rlapack.dll
0x0000000062a80000 - 0x0000000062a8f000 	C:\Program Files\R\R-4.1.1\library\parallel\libs\x64\parallel.dll
0x00007ff840300000 - 0x00007ff840331000 	C:\WINDOWS\SYSTEM32\SspiCli.dll
0x0000000065700000 - 0x0000000065c63000 	C:\PROGRA~1\R\R-41~1.1\modules\x64\internet.dll
0x00007ff840be0000 - 0x00007ff840d36000 	C:\WINDOWS\System32\CRYPT32.dll
0x00007ff842090000 - 0x00007ff8420e6000 	C:\WINDOWS\System32\WLDAP32.dll
0x00007ff841660000 - 0x00007ff8416cb000 	C:\WINDOWS\System32\WS2_32.dll
0x00007ff81ff90000 - 0x00007ff820460000 	C:\WINDOWS\SYSTEM32\WININET.dll
0x00007ff83fbc0000 - 0x00007ff83fc2a000 	C:\WINDOWS\system32\mswsock.dll
0x00007ff814d40000 - 0x00007ff814d57000 	C:\WINDOWS\system32\napinsp.dll
0x00007ff814c90000 - 0x00007ff814cab000 	C:\WINDOWS\system32\pnrpnsp.dll
0x00007ff83b6c0000 - 0x00007ff83b6d5000 	C:\WINDOWS\system32\wshbth.dll
0x00007ff83c230000 - 0x00007ff83c24d000 	C:\WINDOWS\system32\NLAapi.dll
0x00007ff83f860000 - 0x00007ff83f89b000 	C:\WINDOWS\SYSTEM32\IPHLPAPI.DLL
0x00007ff83f8b0000 - 0x00007ff83f97c000 	C:\WINDOWS\SYSTEM32\DNSAPI.dll
0x00007ff8415f0000 - 0x00007ff8415f8000 	C:\WINDOWS\System32\NSI.dll
0x00007ff814c30000 - 0x00007ff814c42000 	C:\WINDOWS\System32\winrnr.dll
0x00007ff832f60000 - 0x00007ff832fdf000 	C:\WINDOWS\System32\fwpuclnt.dll
0x00007ff840bb0000 - 0x00007ff840bd7000 	C:\WINDOWS\System32\bcrypt.dll
0x00007ff832f50000 - 0x00007ff832f5a000 	C:\Windows\System32\rasadhlp.dll
0x0000000019600000 - 0x000000001962e000 	C:\Users\JL\Documents\R\win-library\4.1\rlang\libs\x64\rlang.dll
0x0000000068140000 - 0x0000000068254000 	C:\Users\JL\Documents\R\win-library\4.1\vctrs\libs\x64\vctrs.dll
0x0000000063400000 - 0x000000006340e000 	C:\Users\JL\Documents\R\win-library\4.1\glue\libs\x64\glue.dll
0x0000000061300000 - 0x000000006130e000 	C:\Users\JL\Documents\R\win-library\4.1\magrittr\libs\x64\magrittr.dll
0x0000000062ac0000 - 0x0000000062acd000 	C:\Users\JL\Documents\R\win-library\4.1\ellipsis\libs\x64\ellipsis.dll
0x00000000625c0000 - 0x00000000625de000 	C:\Users\JL\Documents\R\win-library\4.1\fansi\libs\x64\fansi.dll
0x0000000069280000 - 0x00000000692d2000 	C:\Users\JL\Documents\R\win-library\4.1\utf8\libs\x64\utf8.dll
0x0000000061c00000 - 0x0000000061c0e000 	C:\Users\JL\Documents\R\win-library\4.1\tibble\libs\x64\tibble.dll
0x000000001a310000 - 0x000000001a323000 	C:\Users\JL\Documents\R\win-library\4.1\purrr\libs\x64\purrr.dll
0x000000001a330000 - 0x000000001a364000 	C:\Users\JL\Documents\R\win-library\4.1\dplyr\libs\x64\dplyr.dll
0x000000006a8c0000 - 0x000000006a908000 	C:\Users\JL\Documents\R\win-library\4.1\tidyr\libs\x64\tidyr.dll
0x0000000069540000 - 0x000000006954d000 	C:\Users\JL\Documents\R\win-library\4.1\backports\libs\x64\backports.dll
0x000000006ea80000 - 0x000000006eaac000 	C:\Program Files\R\R-4.1.1\library\grid\libs\x64\grid.dll
0x000000001cb90000 - 0x000000001cba7000 	C:\Users\JL\Documents\R\win-library\4.1\colorspace\libs\x64\colorspace.dll
0x0000000067540000 - 0x0000000067694000 	C:\Users\JL\Documents\R\win-library\4.1\haven\libs\x64\haven.dll
0x00000000640c0000 - 0x00000000640e2000 	C:\Users\JL\Documents\R\win-library\4.1\jsonlite\libs\x64\jsonlite.dll
0x000000006abc0000 - 0x000000006acfa000 	C:\Users\JL\Documents\R\win-library\4.1\Rcpp\libs\x64\Rcpp.dll
0x0000000062d40000 - 0x0000000062e57000 	C:\Users\JL\Documents\R\win-library\4.1\lubridate\libs\x64\lubridate.dll
0x0000000062840000 - 0x00000000629a7000 	C:\Users\JL\Documents\R\win-library\4.1\readr\libs\x64\readr.dll
0x000000001d0b0000 - 0x000000001d1c7000 	C:\Users\JL\Documents\R\win-library\4.1\tzdb\libs\x64\tzdb.dll
0x0000000065340000 - 0x000000006547c000 	C:\Users\JL\Documents\R\win-library\4.1\readxl\libs\x64\readxl.dll
0x000000001d1d0000 - 0x000000001d4cd000 	C:\Users\JL\Documents\R\win-library\4.1\fs\libs\x64\fs.dll
0x00007ff840df0000 - 0x00007ff840df8000 	C:\WINDOWS\System32\PSAPI.DLL
0x00007ff8402d0000 - 0x00007ff8402fe000 	C:\WINDOWS\SYSTEM32\USERENV.dll
0x00007ff83fdb0000 - 0x00007ff83fdbc000 	C:\WINDOWS\SYSTEM32\CRYPTBASE.DLL
0x0000000069d00000 - 0x0000000069f5e000 	C:\Users\JL\Documents\R\win-library\4.1\xml2\libs\x64\xml2.dll
0x000000001d6c0000 - 0x000000001d6e0000 	C:\Program Files\R\R-4.1.1\library\tools\libs\x64\tools.dll
0x000000006bd40000 - 0x000000006c228000 	C:\Users\JL\Documents\R\win-library\4.1\stringi\libs\x64\stringi.dll
0x0000000065ec0000 - 0x0000000065ed8000 	C:\Users\JL\Documents\R\win-library\4.1\cli\libs\x64\cli.dll
0x0000000027360000 - 0x000000002736f000 	C:\Users\JL\Documents\R\win-library\4.1\lattice\libs\x64\lattice.dll
0x0000000027630000 - 0x00000000276f0000 	C:\Program Files\R\R-4.1.1\library\Matrix\libs\x64\Matrix.dll
0x0000000065480000 - 0x00000000654d2000 	C:\Users\JL\Documents\R\win-library\4.1\SnowballC\libs\x64\SnowballC.dll
0x000000002c990000 - 0x000000002ca8e000 	C:\Users\JL\Documents\R\win-library\4.1\tokenizers\libs\x64\tokenizers.dll
0x000000002ca90000 - 0x000000002caa3000 	C:\Users\JL\Documents\R\win-library\4.1\slam\libs\x64\slam.dll
0x0000000061f80000 - 0x000000006207e000 	C:\Users\JL\Documents\R\win-library\4.1\tm\libs\x64\tm.dll
0x0000000064080000 - 0x0000000064098000 	C:\Users\JL\Documents\R\win-library\4.1\rJava\libs\x64\rJava.dll
0x00007fffd5da0000 - 0x00007fffd6917000 	C:\Program Files\Java\jdk-12.0.2\bin\server\jvm.dll
0x00007ff82b120000 - 0x00007ff82b13a000 	C:\WINDOWS\SYSTEM32\VCRUNTIME140.dll
0x00007ff820940000 - 0x00007ff820949000 	C:\WINDOWS\SYSTEM32\WSOCK32.dll
0x00007ff817100000 - 0x00007ff817111000 	C:\Program Files\Java\jdk-12.0.2\bin\verify.dll
0x00007ff82ae30000 - 0x00007ff82b014000 	C:\WINDOWS\SYSTEM32\DBGHELP.DLL
0x00007ff82ac20000 - 0x00007ff82ac4c000 	C:\WINDOWS\SYSTEM32\dbgcore.DLL
0x00007ff840b20000 - 0x00007ff840ba3000 	C:\WINDOWS\System32\bcryptPrimitives.dll
0x00007ff8170d0000 - 0x00007ff8170f6000 	C:\Program Files\Java\jdk-12.0.2\bin\java.dll
0x00007ff816b30000 - 0x00007ff816b47000 	C:\Program Files\Java\jdk-12.0.2\bin\zip.dll
0x00007ff81d670000 - 0x00007ff81d67a000 	C:\Program Files\Java\jdk-12.0.2\bin\jimage.dll
0x00007ff83e330000 - 0x00007ff83e342000 	C:\WINDOWS\SYSTEM32\kernel.appcore.dll
0x00007ff83e530000 - 0x00007ff83ecc0000 	C:\WINDOWS\SYSTEM32\windows.storage.dll
0x00007ff83fe60000 - 0x00007ff83fe8c000 	C:\WINDOWS\SYSTEM32\Wldp.dll
0x00007ff840350000 - 0x00007ff84036f000 	C:\WINDOWS\SYSTEM32\profapi.dll
0x0000000069300000 - 0x00000000693b5000 	C:\Users\JL\Documents\R\win-library\4.1\data.table\libs\x64\datatable.dll
0x00007ff81d6c0000 - 0x00007ff81d6d9000 	C:\Program Files\Java\jdk-12.0.2\bin\net.dll
0x00007ff834770000 - 0x00007ff83495b000 	C:\WINDOWS\SYSTEM32\urlmon.dll
0x00007ff83a670000 - 0x00007ff83a778000 	C:\WINDOWS\SYSTEM32\WINHTTP.dll
0x00007ff8345f0000 - 0x00007ff834618000 	C:\WINDOWS\SYSTEM32\srvcli.dll
0x00007ff83f8a0000 - 0x00007ff83f8ac000 	C:\WINDOWS\SYSTEM32\netutils.dll
0x00007ff834340000 - 0x00007ff8345f0000 	C:\WINDOWS\SYSTEM32\iertutil.dll
0x00007ff81d6a0000 - 0x00007ff81d6b3000 	C:\Program Files\Java\jdk-12.0.2\bin\nio.dll

dbghelp: loaded successfully - version: 4.0.5 - missing functions: none
symbol engine: initialized successfully - sym options: 0x614 - pdb path: .;C:\PROGRA~1\R\R-41~1.1\bin\x64;C:\WINDOWS\SYSTEM32;C:\WINDOWS\WinSxS\amd64_microsoft.windows.common-controls_6595b64144ccf1df_6.0.19041.1110_none_60b5254171f9507e;C:\Program Files\R\R-4.1.1\library\methods\libs\x64;C:\Program Files\R\R-4.1.1\library\utils\libs\x64;C:\Program Files\R\R-4.1.1\library\grDevices\libs\x64;C:\Program Files\R\R-4.1.1\library\graphics\libs\x64;C:\Program Files\R\R-4.1.1\library\stats\libs\x64;C:\Program Files\R\R-4.1.1\library\parallel\libs\x64;C:\PROGRA~1\R\R-41~1.1\modules\x64;C:\Users\JL\Documents\R\win-library\4.1\rlang\libs\x64;C:\Users\JL\Documents\R\win-library\4.1\vctrs\libs\x64;C:\Users\JL\Documents\R\win-library\4.1\glue\libs\x64;C:\Users\JL\Documents\R\win-library\4.1\magrittr\libs\x64;C:\Users\JL\Documents\R\win-library\4.1\ellipsis\libs\x64;C:\Users\JL\Documents\R\win-library\4.1\fansi\libs\x64;C:\Users\JL\Documents\R\win-library\4.1\utf8\libs\x64;C:\Users\JL\Documents\R\win-library\4.1\tibble\libs\x64;C:\Users\JL\Documents\R\win-library\4.1\purrr\libs\x64;C:\Users\JL\Documents\R\win-library\4.1\dplyr\libs\x64;C:\Users\JL\Documents\R\win-library\4.1\tidyr\libs\x64;C:\Users\JL\Documents\R\win-library\4.1\backports\libs\x64;C:\Program Files\R\R-4.1.1\library\grid\libs\x64;C:\Users\JL\Documents\R\win-library\4.1\colorspace\libs\x64;C:\Users\JL\Documents\R\win-library\4.1\haven\libs\x64;C:\Users\JL\Documents\R\win-library\4.1\jsonlite\libs\x64;C:\Users\JL\Documents\R\win-library\4.1\Rcpp\libs\x64;C:\Users\JL\Documents\R\win-library\4.1\lubridate\libs\x64;C:\Users\JL\Documents\R\win-library\4.1\readr\libs\x64;C:\Users\JL\Documents\R\win-library\4.1\tzdb\libs\x64;C:\Users\JL\Documents\R\win-library\4.1\readxl\libs\x64;C:\Users\JL\Documents\R\win-library\4.1\fs\libs\x64;C:\Users\JL\Documents\R\win-library\4.1\xml2\libs\x64;C:\Program Files\R\R-4.1.1\library\tools\libs\x64;C:\Users\JL\Documents\R\win-library\4.1\stringi\libs\x64;C:\Users\JL\Documents\R\win-library\4.1\cli\libs\x64;C:\Users\JL\Documents\R\win-library\4.1\lattice\libs\x64;C:\Program Files\R\R-4.1.1\library\Matrix\libs\x64;C:\Users\JL\Documents\R\win-library\4.1\SnowballC\libs\x64;C:\Users\JL\Documents\R\win-library\4.1\tokenizers\libs\x64;C:\Users\JL\Documents\R\win-library\4.1\slam\libs\x64;C:\Users\JL\Documents\R\win-library\4.1\tm\libs\x64;C:\Users\JL\Documents\R\win-library\4.1\rJava\libs\x64;C:\Program Files\Java\jdk-12.0.2\bin\server;C:\Program Files\Java\jdk-12.0.2\bin;C:\Users\JL\Documents\R\win-library\4.1\data.table\libs\x64

VM Arguments:
jvm_args: -Dr.arch=/x64 -Xmx512m -Xrs -Xss2m 
java_command: <unknown>
java_class_path (initial): C:/Users/JL/Documents/R/win-library/4.1/rJava/java/boot
Launcher Type: generic

[Global flags]
     intx CICompilerCount                          = 12                                        {product} {ergonomic}
     uint ConcGCThreads                            = 3                                         {product} {ergonomic}
     uint G1ConcRefinementThreads                  = 13                                        {product} {ergonomic}
   size_t G1HeapRegionSize                         = 1048576                                   {product} {ergonomic}
    uintx GCDrainStackTargetSize                   = 64                                        {product} {ergonomic}
   size_t InitialHeapSize                          = 268435456                                 {product} {ergonomic}
   size_t MarkStackSize                            = 4194304                                   {product} {ergonomic}
   size_t MaxHeapSize                              = 536870912                                 {product} {command line}
   size_t MaxNewSize                               = 321912832                                 {product} {ergonomic}
   size_t MinHeapDeltaBytes                        = 1048576                                   {product} {ergonomic}
    uintx NonNMethodCodeHeapSize                   = 7594288                                {pd product} {ergonomic}
    uintx NonProfiledCodeHeapSize                  = 122031976                              {pd product} {ergonomic}
    uintx ProfiledCodeHeapSize                     = 122031976                              {pd product} {ergonomic}
     bool ReduceSignalUsage                        = true                                      {product} {command line}
    uintx ReservedCodeCacheSize                    = 251658240                              {pd product} {ergonomic}
     bool SegmentedCodeCache                       = true                                      {product} {ergonomic}
     intx ThreadStackSize                          = 2048                                   {pd product} {command line}
     bool UseCompressedClassPointers               = true                                 {lp64_product} {ergonomic}
     bool UseCompressedOops                        = true                                 {lp64_product} {ergonomic}
     bool UseG1GC                                  = true                                      {product} {ergonomic}
     bool UseLargePagesIndividualAllocation        = false                                  {pd product} {ergonomic}

Logging:
Log output configuration:
 #0: stdout all=warning uptime,level,tags
 #1: stderr all=off uptime,level,tags

Environment Variables:
PATH=C:\Program Files\R\R-4.1.1\bin\x64;C:\Program Files (x86)\Common Files\Oracle\Java\javapath;C:\WINDOWS\system32;C:\WINDOWS;C:\WINDOWS\System32\Wbem;C:\WINDOWS\System32\WindowsPowerShell\v1.0\;C:\WINDOWS\System32\OpenSSH\;C:\Program Files (x86)\NVIDIA Corporation\PhysX\Common;D:\Program Files\Calibre2\;C:\Program Files (x86)\Gpg4win\..\GnuPG\bin;C:\WINDOWS\system32;C:\WINDOWS;C:\WINDOWS\System32\Wbem;C:\WINDOWS\System32\WindowsPowerShell\v1.0\;C:\WINDOWS\System32\OpenSSH\;C:\Program Files\NVIDIA Corporation\NVIDIA NvDLISR;C:\Program Files\Git\cmd;C:\Program Files\WireGuard\;C:\Users\JL\AppData\Local\Microsoft\WindowsApps;C:\Users\JL\AppData\Roaming\TinyTeX\bin\win32;C:\Users\JL\AppData\Local\GitHubDesktop\bin
USERNAME=JL
DISPLAY=:0
OS=Windows_NT
PROCESSOR_IDENTIFIER=AMD64 Family 23 Model 8 Stepping 2, AuthenticAMD



---------------  S Y S T E M  ---------------

OS: Windows 10 , 64 bit Build 19041 (10.0.19041.1202)

CPU:total 16 (initial active 16) (16 cores per cpu, 2 threads per core) family 23 model 8 stepping 2, cmov, cx8, fxsr, mmx, sse, sse2, sse3, ssse3, sse4.1, sse4.2, popcnt, avx, avx2, aes, clmul, mmxext, 3dnowpref, lzcnt, sse4a, ht, tsc, tscinvbit, tscinv, bmi1, bmi2, adx, sha, fma

Memory: 4k page, system-wide physical 16317M (321M free)
TotalPageFile size 65469M (AvailPageFile size 1M)
current process WorkingSet (physical memory assigned to process): 223M, peak: 1878M
current process commit charge ("private bytes"): 3935M, peak: 3938M

vm_info: Java HotSpot(TM) 64-Bit Server VM (12.0.2+10) for windows-amd64 JRE (12.0.2+10), built on Jul 16 2019 01:56:17 by "mach5one" with MS VC++ 15.5 (VS2017)

END.
